[debug] [2018-04-30T22:40:01.210Z] ----------------------------------------------------------------------
[debug] [2018-04-30T22:40:01.213Z] Command:       /usr/local/bin/node /usr/local/bin/firebase serve
[debug] [2018-04-30T22:40:01.213Z] CLI Version:   3.18.4
[debug] [2018-04-30T22:40:01.213Z] Platform:      darwin
[debug] [2018-04-30T22:40:01.213Z] Node Version:  v9.6.1
[debug] [2018-04-30T22:40:01.213Z] Time:          Mon Apr 30 2018 17:40:01 GMT-0500 (CDT)
[debug] [2018-04-30T22:40:01.213Z] ----------------------------------------------------------------------
[debug] 
[debug] [2018-04-30T22:40:01.225Z] > command requires scopes: ["email","openid","https://www.googleapis.com/auth/cloudplatformprojects.readonly","https://www.googleapis.com/auth/firebase","https://www.googleapis.com/auth/cloud-platform"]
[debug] [2018-04-30T22:40:01.226Z] > authorizing via signed-in user
[debug] [2018-04-30T22:40:01.228Z] > refreshing access token with scopes: ["email","https://www.googleapis.com/auth/cloud-platform","https://www.googleapis.com/auth/cloudplatformprojects.readonly","https://www.googleapis.com/auth/firebase","openid"]
[debug] [2018-04-30T22:40:01.228Z] >>> HTTP REQUEST POST https://www.googleapis.com/oauth2/v3/token  
 { refresh_token: '1/IdqQe2u2--jRbscvocEnG-LYpSxr7sT1NImhhh7q0ks',
  client_id: '563584335869-fgrhgmd47bqnekij5i8b5pr03ho849e6.apps.googleusercontent.com',
  client_secret: 'j9iVZfS8kkCEFUPaAeJV0sAi',
  grant_type: 'refresh_token',
  scope: 'email https://www.googleapis.com/auth/cloud-platform https://www.googleapis.com/auth/cloudplatformprojects.readonly https://www.googleapis.com/auth/firebase openid' } 
 Mon Apr 30 2018 17:40:01 GMT-0500 (CDT)
[debug] [2018-04-30T22:40:01.389Z] <<< HTTP RESPONSE 200
[debug] [2018-04-30T22:40:01.406Z] >>> HTTP REQUEST GET https://admin.firebase.com/v1/projects/bms-admin-1337  
  
 Mon Apr 30 2018 17:40:01 GMT-0500 (CDT)
[debug] [2018-04-30T22:40:01.670Z] <<< HTTP RESPONSE 200
[debug] [2018-04-30T22:40:01.670Z] >>> HTTP REQUEST GET https://admin.firebase.com/v1/database/bms-admin-1337/tokens  
  
 Mon Apr 30 2018 17:40:01 GMT-0500 (CDT)
[debug] [2018-04-30T22:40:02.765Z] <<< HTTP RESPONSE 200
[debug] [2018-04-30T22:40:02.766Z] >>> HTTP REQUEST GET https://cloudresourcemanager.googleapis.com/v1/projects/bms-admin-1337  
  
 Mon Apr 30 2018 17:40:02 GMT-0500 (CDT)
[debug] [2018-04-30T22:40:02.961Z] <<< HTTP RESPONSE 200
[info] 
[info] === Serving from '/Users/wizzy/Projects/bms-admin'...
[info] 
[debug] [2018-04-30T22:40:02.963Z] >>> HTTP REQUEST GET https://mobilesdk-pa.googleapis.com/v1/projects/42411448045/clients/_:getWebAppConfig  
  
 Mon Apr 30 2018 17:40:02 GMT-0500 (CDT)
[debug] [2018-04-30T22:40:04.507Z] <<< HTTP RESPONSE 200
[info] i  hosting: Serving hosting files from: build
[info] ✔  hosting: Local server: http://localhost:5000

